DSN info: DSN='hmycin',server='localhost',port='5432',dbase='hmycin',user='prolog',passwd='xxxxx'
          onlyread='',showoid='',fakeoidindex='',showsystable=''
          conn_settings='(null)', conn_encoding='(null)'
          translation_dll='',translation_option=''
conn = 0x5651e673f6c0, PGAPI_Connect(DSN='hmycin', UID='prolog', PWD='xxxxx')
Driver Version='09.05.0400,'
Global Options: fetch=100, unknown_sizes=0, max_varchar_size=255, max_longvarchar_size=8190
                unique_index=1, use_declarefetch=0
                text_as_longvarchar=1, unknowns_as_longvarchar=0, bools_as_char=1 NAMEDATALEN=64
                extra_systable_prefixes='dd_', conn_settings='(null)' conn_encoding=''
conn=0x5651e673f6c0, query='SET DateStyle = 'ISO''
conn=0x5651e673f6c0, query='SET extra_float_digits = 2'
conn=0x5651e673f6c0, query='select oid, typbasetype from pg_type where typname = 'lo''
    [ Large Object oid = -999 ]
    [ Client encoding = 'UTF8' (code = 6) ]
conn=0x5651e673f6c0, query='SELECT nombre FROM enfermedad'
conn=0x5651e673f6c0, query='select n.nspname, c.relname, a.attname, a.atttypid, t.typname, a.attnum, a.attlen, a.atttypmod, a.attnotnull, c.relhasrules, c.relkind, c.oid, pg_get_expr(d.adbin, d.adrelid), case t.typtype when 'd' then t.typbasetype else 0 end, t.typtypmod, c.relhasoids from (((pg_catalog.pg_class c inner join pg_catalog.pg_namespace n on n.oid = c.relnamespace and c.oid = 16496) inner join pg_catalog.pg_attribute a on (not a.attisdropped) and a.attnum > 0 and a.attrelid = c.oid) inner join pg_catalog.pg_type t on t.oid = a.atttypid) left outer join pg_attrdef d on a.atthasdef and d.adrelid = a.attrelid and d.adnum = a.attnum order by n.nspname, c.relname, attnum'
PGAPI_Columns: table='enfermedad',field_name='id',type=23,name='int4'
PGAPI_Columns: table='enfermedad',field_name='nombre',type=1043,name='varchar'
PGAPI_Columns: table='enfermedad',field_name='nombre_enf',type=1043,name='varchar'
PGAPI_Columns: table='enfermedad',field_name='link_desc',type=1043,name='varchar'
conn=0x5651e673f6c0, query='SELECT nombre FROM enfermedad'
